<?xml version="1.0" encoding="UTF-8"?>
<!-- Generated by org.testng.reporters.JUnitXMLReporter -->
<testsuite hostname="DESKTOP-MU1LT4F" ignored="0" name="Default test(failed)(failed)" tests="1" failures="1" timestamp="2020-08-24T19:44:43 CDT" time="0.075" errors="0">
  <testcase name="initBrowser" time="0.011" classname="com.acti.Base.DriverScript">
    <failure type="java.lang.NullPointerException">
      <![CDATA[java.lang.NullPointerException
at com.acti.Base.DriverScript.initBrowser(DriverScript.java:37)
at java.util.ArrayList.forEach(Unknown Source)
... Removed 27 stack frames]]>
    </failure>
  </testcase> <!-- initBrowser -->
</testsuite> <!-- Default test(failed)(failed) -->
