<?xml version="1.0" encoding="UTF-8"?>
<testng-results skipped="0" failed="0" ignored="0" total="1" passed="1">
  <reporter-output>
  </reporter-output>
  <suite name="Default suite" duration-ms="13722" started-at="2020-08-25T12:19:11 CDT" finished-at="2020-08-25T12:19:24 CDT">
    <groups>
    </groups>
    <test name="Default test" duration-ms="13722" started-at="2020-08-25T12:19:11 CDT" finished-at="2020-08-25T12:19:24 CDT">
      <class name="com.acti.Base.DriverScript">
        <test-method status="PASS" signature="initBrowser()[pri:0, instance:com.acti.Base.DriverScript@48503868]" name="initBrowser" duration-ms="13667" started-at="2020-08-25T12:19:11 CDT" finished-at="2020-08-25T12:19:24 CDT">
          <reporter-output>
          </reporter-output>
        </test-method> <!-- initBrowser -->
      </class> <!-- com.acti.Base.DriverScript -->
    </test> <!-- Default test -->
  </suite> <!-- Default suite -->
</testng-results>
